<?xml version="1.0" encoding="UTF-8" ?>
<testsuite failures="0" time="2.172" errors="0" skipped="0" tests="100" name="TestSuite">
  <properties>
    <property name="java.runtime.name" value="Java(TM) SE Runtime Environment"/>
    <property name="sun.boot.library.path" value="/usr/lib/jvm/jdk1.7.0/jre/lib/amd64"/>
    <property name="java.vm.version" value="23.1-b03"/>
    <property name="java.vm.vendor" value="Oracle Corporation"/>
    <property name="java.vendor.url" value="http://java.oracle.com/"/>
    <property name="path.separator" value=":"/>
    <property name="guice.disable.misplaced.annotation.check" value="true"/>
    <property name="java.vm.name" value="Java HotSpot(TM) 64-Bit Server VM"/>
    <property name="file.encoding.pkg" value="sun.io"/>
    <property name="user.country" value="PL"/>
    <property name="sun.java.launcher" value="SUN_STANDARD"/>
    <property name="sun.os.patch.level" value="unknown"/>
    <property name="java.vm.specification.name" value="Java Virtual Machine Specification"/>
    <property name="user.dir" value="/home/przemcio/dev/test-book-sample"/>
    <property name="java.runtime.version" value="1.7.0_05-b06"/>
    <property name="java.awt.graphicsenv" value="sun.awt.X11GraphicsEnvironment"/>
    <property name="java.endorsed.dirs" value="/usr/lib/jvm/jdk1.7.0/jre/lib/endorsed"/>
    <property name="os.arch" value="amd64"/>
    <property name="java.io.tmpdir" value="/tmp"/>
    <property name="line.separator" value="
"/>
    <property name="java.vm.specification.vendor" value="Oracle Corporation"/>
    <property name="os.name" value="Linux"/>
    <property name="classworlds.conf" value="/usr/share/maven/bin/m2.conf"/>
    <property name="sun.jnu.encoding" value="UTF-8"/>
    <property name="java.library.path" value="/usr/java/packages/lib/amd64:/usr/lib64:/lib64:/lib:/usr/lib"/>
    <property name="java.specification.name" value="Java Platform API Specification"/>
    <property name="java.class.version" value="51.0"/>
    <property name="sun.management.compiler" value="HotSpot 64-Bit Tiered Compilers"/>
    <property name="os.version" value="3.2.0-29-generic"/>
    <property name="user.home" value="/home/przemcio"/>
    <property name="user.timezone" value="Europe/Warsaw"/>
    <property name="java.awt.printerjob" value="sun.print.PSPrinterJob"/>
    <property name="file.encoding" value="UTF-8"/>
    <property name="java.specification.version" value="1.7"/>
    <property name="user.name" value="przemcio"/>
    <property name="java.class.path" value="/usr/share/maven/boot/plexus-classworlds-2.x.jar"/>
    <property name="java.vm.specification.version" value="1.7"/>
    <property name="sun.arch.data.model" value="64"/>
    <property name="java.home" value="/usr/lib/jvm/jdk1.7.0/jre"/>
    <property name="sun.java.command" value="org.codehaus.plexus.classworlds.launcher.Launcher clean install"/>
    <property name="java.specification.vendor" value="Oracle Corporation"/>
    <property name="user.language" value="pl"/>
    <property name="awt.toolkit" value="sun.awt.X11.XToolkit"/>
    <property name="java.vm.info" value="mixed mode"/>
    <property name="java.version" value="1.7.0_05"/>
    <property name="java.ext.dirs" value="/usr/lib/jvm/jdk1.7.0/jre/lib/ext:/usr/java/packages/lib/ext"/>
    <property name="securerandom.source" value="file:/dev/./urandom"/>
    <property name="sun.boot.class.path" value="/usr/lib/jvm/jdk1.7.0/jre/lib/resources.jar:/usr/lib/jvm/jdk1.7.0/jre/lib/rt.jar:/usr/lib/jvm/jdk1.7.0/jre/lib/sunrsasign.jar:/usr/lib/jvm/jdk1.7.0/jre/lib/jsse.jar:/usr/lib/jvm/jdk1.7.0/jre/lib/jce.jar:/usr/lib/jvm/jdk1.7.0/jre/lib/charsets.jar:/usr/lib/jvm/jdk1.7.0/jre/lib/jfr.jar:/usr/lib/jvm/jdk1.7.0/jre/classes"/>
    <property name="java.vendor" value="Oracle Corporation"/>
    <property name="maven.home" value="/usr/share/maven"/>
    <property name="file.separator" value="/"/>
    <property name="java.vendor.url.bug" value="http://bugreport.sun.com/bugreport/"/>
    <property name="sun.cpu.endian" value="little"/>
    <property name="sun.io.unicode.encoding" value="UnicodeLittle"/>
    <property name="sun.desktop" value="gnome"/>
    <property name="sun.cpu.isalist" value=""/>
  </properties>
  <testcase time="0.065" classname="pl.testng.ch5.BookingSystem2Test" name="newReservationShouldBeLogged"/>
  <testcase time="0.003" classname="pl.testng.ch5.BookingSystem2Test" name="shooulReturnsAllReservations"/>
  <testcase time="0.001" classname="pl.testng.ch5.BookingSystem2Test" name="shoudlReservedClassRoomWithEquipment"/>
  <testcase time="0.009" classname="pl.testng.ch5.BookingSystem2Test" name="shouldAllowToBookClassRoom"/>
  <testcase time="0.001" classname="pl.testng.ch5.BookingSystem2Test" name="shouldAllowToBookClassRoom"/>
  <testcase time="0.001" classname="pl.testng.ch5.BookingSystem2Test" name="shouldAllowToBookClassRoom"/>
  <testcase time="0.005" classname="pl.testng.ch5.BookingSystem2Test" name="shouldNOTReturnAvailableClassRooms"/>
  <testcase time="0.001" classname="pl.testng.ch5.BookingSystem2Test" name="shouldNOTReturnAvailableClassRooms"/>
  <testcase time="0.001" classname="pl.testng.ch5.BookingSystem2Test" name="shouldNOTReturnAvailableClassRooms"/>
  <testcase time="0" classname="pl.testng.ch5.BookingSystem2Test" name="shouldNotAllowToAddTwoTheSameClassRooms"/>
  <testcase time="0.003" classname="pl.testng.ch5.BookingSystem2Test" name="shouldNotAllowedToAddWrongReservation"/>
  <testcase time="0.001" classname="pl.testng.ch5.BookingSystem2Test" name="shouldNotAllowedToAddWrongReservation"/>
  <testcase time="0.002" classname="pl.testng.ch5.BookingSystem2Test" name="shouldNotAllowedToAddWrongReservation"/>
  <testcase time="0.001" classname="pl.testng.ch5.BookingSystem2Test" name="shouldNotMadeAreservationDueToCleaningHours"/>
  <testcase time="0.001" classname="pl.testng.ch5.BookingSystem2Test" name="shouldNotMadeAreservationDueToCleaningHours2"/>
  <testcase time="0" classname="pl.testng.ch5.BookingSystem2Test" name="shouldReturnAllExistingClassRooms"/>
  <testcase time="0.001" classname="pl.testng.ch5.BookingSystem2Test" name="shouldReturnAvailableClassRooms"/>
  <testcase time="0" classname="pl.testng.ch5.BookingSystem2Test" name="shouldThrowExceptionCasueMissingClassRooms"/>
  <testcase time="0.002" classname="pl.testng.ch4.ClassBookingSystemTest" name="doubleBooking"/>
  <testcase time="0.001" classname="pl.testng.ch4.ClassBookingSystemTest" name="doubleBooking"/>
  <testcase time="0.002" classname="pl.testng.ch4.ClassBookingSystemTest" name="doubleBooking"/>
  <testcase time="0.001" classname="pl.testng.ch4.ClassBookingSystemTest" name="doubleBooking"/>
  <testcase time="0.001" classname="pl.testng.ch4.ClassBookingSystemTest" name="shouldReturnReservation"/>
  <testcase time="0.001" classname="pl.testng.ch4.ClassBookingSystemTest" name="shouldReturnReservations"/>
  <testcase time="0.001" classname="pl.testng.ch4.ClassBookingSystemTest" name="shouldReturnReservations"/>
  <testcase time="0.001" classname="pl.testng.ch4.ClassBookingSystemTest" name="shouldReturnReservations"/>
  <testcase time="0" classname="pl.testng.ch4.ClassBookingSystemTest" name="testInitializationReservation"/>
  <testcase time="0.02" classname="pl.testng.ch4.ClassBookingSystemTest" name="wrongDatePattern"/>
  <testcase time="0" classname="pl.testng.ch4.ClassBookingSystemTest" name="wrongInitializationReservation"/>
  <testcase time="0.001" classname="pl.testng.ch4.ClassBookingSystemTest" name="wrongInitializationReservation"/>
  <testcase time="0" classname="pl.testng.ch4.ClassBookingSystemTest" name="wrongInitializationReservation"/>
  <testcase time="0.001" classname="pl.testng.ch4.ClassBookingSystemTest" name="wrongInitializationReservation"/>
  <testcase time="0" classname="pl.testng.ch4.ClassBookingSystemTest" name="wrongInitializationReservation"/>
  <testcase time="0.001" classname="pl.testng.ch4.ClassBookingSystemTest" name="wrongInitializationReservation"/>
  <testcase time="0.001" classname="pl.testng.ch4.ClassBookingSystemTest" name="wrongInitializationReservation"/>
  <testcase time="0" classname="pl.testng.ch4.ClassBookingSystemTest" name="wrongInitializationReservation"/>
  <testcase time="0.001" classname="pl.testng.ch4.ClassBookingSystemTest" name="wrongInitializationReservation"/>
  <testcase time="0" classname="pl.testng.ch3.HashMapTest" name="shouldAddElement"/>
  <testcase time="0.001" classname="pl.testng.ch3.HashMapTest" name="shouldAddWithNullKey"/>
  <testcase time="0" classname="pl.testng.ch3.HashMapTest" name="shouldClean"/>
  <testcase time="0" classname="pl.testng.ch3.HashMapTest" name="shouldReplace"/>
  <testcase time="0.021" classname="pl.testng.ch6.HelpDeskTest" name="shoudHandleIssue"/>
  <testcase time="0.001" classname="pl.testng.ch6.HelpDeskTest" name="shoudHandleIssue"/>
  <testcase time="0.001" classname="pl.testng.ch6.HelpDeskTest" name="shoudHandleIssue"/>
  <testcase time="0.001" classname="pl.testng.ch6.HelpDeskTest" name="shoudHandleIssue"/>
  <testcase time="0.001" classname="pl.testng.ch6.HelpDeskTest" name="shoudHandleIssue"/>
  <testcase time="0.001" classname="pl.testng.ch6.HelpDeskTest" name="shoudHandleIssue"/>
  <testcase time="0.001" classname="pl.testng.ch6.HelpDeskTest" name="shoudHandleIssue"/>
  <testcase time="0.001" classname="pl.testng.ch6.HelpDeskTest" name="shoudHandleIssue"/>
  <testcase time="0.002" classname="pl.testng.ch4.PasswordUtilTest" name="invalidInitialization"/>
  <testcase time="0" classname="pl.testng.ch4.PasswordUtilTest" name="invalidInitialization2"/>
  <testcase time="0" classname="pl.testng.ch4.PasswordUtilTest" name="invalidInitialization3"/>
  <testcase time="0" classname="pl.testng.ch4.PasswordUtilTest" name="shouldReturnFalse"/>
  <testcase time="0" classname="pl.testng.ch4.PasswordUtilTest" name="shouldReturnFalse"/>
  <testcase time="0.001" classname="pl.testng.ch4.PasswordUtilTest" name="shouldReturnFalse"/>
  <testcase time="0" classname="pl.testng.ch4.PasswordUtilTest" name="shouldReturnFalse"/>
  <testcase time="0" classname="pl.testng.ch4.PasswordUtilTest" name="shouldReturnFalse"/>
  <testcase time="0.001" classname="pl.testng.ch4.PasswordUtilTest" name="shouldReturnFalse"/>
  <testcase time="0" classname="pl.testng.ch4.PasswordUtilTest" name="shouldReturnFalse"/>
  <testcase time="0" classname="pl.testng.ch4.PasswordUtilTest" name="shouldReturnFalse"/>
  <testcase time="0" classname="pl.testng.ch4.PasswordUtilTest" name="shouldReturnFalse"/>
  <testcase time="0" classname="pl.testng.ch4.PasswordUtilTest" name="shouldReturnValid"/>
  <testcase time="0.001" classname="pl.testng.ch4.PasswordUtilTest" name="shouldReturnValid"/>
  <testcase time="0.001" classname="pl.testng.ch4.PasswordUtilTest" name="shouldReturnValid"/>
  <testcase time="0" classname="pl.testng.ch4.PasswordUtilTest" name="shouldReturnValid"/>
  <testcase time="0" classname="pl.testng.ch4.PasswordUtilTest" name="shouldReturnValid"/>
  <testcase time="0.003" classname="pl.testng.ch5.RaceResultsServiceFirstAndSecondRefactoredTest" name="allSubscribedClientsShouldReceiveMessages"/>
  <testcase time="0.006" classname="pl.testng.ch5.RaceResultsServiceFirstAndSecondRefactoredTest" name="anyUserShouldNotRecievedMessage"/>
  <testcase time="0.001" classname="pl.testng.ch5.RaceResultsServiceFirstAndSecondRefactoredTest" name="notSubscribedClientShouldNotReceiveMessage"/>
  <testcase time="0.003" classname="pl.testng.ch5.RaceResultsServiceFirstAndSecondRefactoredTest" name="oneSubscribedShouldBeAbledToSubscibeToManyCategory"/>
  <testcase time="0" classname="pl.testng.ch5.RaceResultsServiceFirstAndSecondRefactoredTest" name="removedNotSubscribedClient"/>
  <testcase time="0.002" classname="pl.testng.ch5.RaceResultsServiceFirstAndSecondRefactoredTest" name="shoudlRecivedMessageFromSubscribedCategory"/>
  <testcase time="0.001" classname="pl.testng.ch5.RaceResultsServiceFirstAndSecondRefactoredTest" name="shouldFinishedWitoutAnyException"/>
  <testcase time="0.001" classname="pl.testng.ch5.RaceResultsServiceFirstAndSecondRefactoredTest" name="shouldRecivedOnlySubscribedCategoriesMessages"/>
  <testcase time="0.002" classname="pl.testng.ch5.RaceResultsServiceFirstAndSecondRefactoredTest" name="shouldSendOnlyOneMessageToMultiSubscriber"/>
  <testcase time="0.002" classname="pl.testng.ch5.RaceResultsServiceFirstAndSecondRefactoredTest" name="subscribedClientShouldReveiveMessage"/>
  <testcase time="0.001" classname="pl.testng.ch5.RaceResultsServiceFirstAndSecondRefactoredTest" name="unsubsribedClientShouldNotReceiveMessages"/>
  <testcase time="0.002" classname="pl.testng.ch4.RegexUtilTest" name="shouldReturnValue"/>
  <testcase time="0" classname="pl.testng.ch4.RegexUtilTest" name="shouldReturnValue"/>
  <testcase time="0.001" classname="pl.testng.ch4.RegexUtilTest" name="shouldReturnValue"/>
  <testcase time="0.001" classname="pl.testng.ch4.RegexUtilTest" name="shouldReturnValue"/>
  <testcase time="0.001" classname="pl.testng.ch4.RegexUtilTest" name="shouldReturnValue"/>
  <testcase time="0.002" classname="pl.testng.ch3.StringUtilTest" name="shouldReverseString2"/>
  <testcase time="0" classname="pl.testng.ch3.StringUtilTest" name="shouldReverseString2"/>
  <testcase time="0" classname="pl.testng.ch3.StringUtilTest" name="shouldReverseString2"/>
  <testcase time="0" classname="pl.testng.ch3.StringUtilTest" name="shouldReverseString2"/>
  <testcase time="0.001" classname="pl.testng.ch3.StringUtilTest" name="shouldReverseString2"/>
  <testcase time="0.001" classname="pl.testng.ch3.StringUtilTest" name="shouldReverseString3"/>
  <testcase time="0" classname="pl.testng.ch3.StringUtilTest" name="shouldReverseString3"/>
  <testcase time="0" classname="pl.testng.ch3.StringUtilTest" name="shouldReverseString3"/>
  <testcase time="0" classname="pl.testng.ch3.StringUtilTest" name="shouldReverseString3"/>
  <testcase time="0.001" classname="pl.testng.ch3.StringUtilTest" name="shouldReverseString3"/>
  <testcase time="0.116" classname="pl.testng.jodatime.TimeTest" name="testDateTime"/>
  <testcase time="0" classname="pl.testng.jodatime.TimeTest" name="testHoliday"/>
  <testcase time="0.035" classname="pl.testng.jodatime.TimeTest" name="testPeriodTime"/>
  <testcase time="0.015" classname="pl.testng.ch6.UserListTest" name="shouldReturnOneUser"/>
  <testcase time="0" classname="pl.testng.ch6.UserListTest" name="shouldReturnTwoUser"/>
  <testcase time="0.001" classname="pl.testng.ch6.UserListTest" name="shouldReturnZeroUsers"/>
  <testcase time="0.021" classname="pl.testng.ch5.UserServiceTest" name="shouldAssignDOC"/>
  <testcase time="0.001" classname="pl.testng.ch5.UserServiceTest" name="shouldUpdatePassword"/>
</testsuite>