<?xml version="1.0" encoding="UTF-8"?>
<!-- Generated by org.testng.reporters.JUnitReportReporter -->
<testsuite hostname="ubuntu" name="pl.testng.ch6.UserListTest" tests="3" failures="0" timestamp="2 May 2012 06:46:24 GMT" time="0.057" errors="0">
  <testcase name="shouldReturnZeroUsers" time="0.020" classname="pl.testng.ch6.UserListTest"/>
  <testcase name="shouldReturnOneUser" time="0.034" classname="pl.testng.ch6.UserListTest"/>
  <testcase name="shouldReturnTwoUser" time="0.003" classname="pl.testng.ch6.UserListTest"/>
</testsuite> <!-- pl.testng.ch6.UserListTest -->
