<?xml version="1.0" encoding="UTF-8"?>
<!-- Generated by org.testng.reporters.JUnitReportReporter -->
<testsuite hostname="ubuntu" name="pl.testng.RegexUtilTest" tests="5" failures="0" timestamp="27 Apr 2012 00:03:20 GMT" time="0.033" errors="0">
  <testcase name="shouldReturnValue" time="0.002" classname="pl.testng.RegexUtilTest"/>
  <testcase name="shouldReturnValue" time="0.001" classname="pl.testng.RegexUtilTest"/>
  <testcase name="shouldReturnValue" time="0.003" classname="pl.testng.RegexUtilTest"/>
  <testcase name="shouldReturnValue" time="0.001" classname="pl.testng.RegexUtilTest"/>
  <testcase name="shouldReturnValue" time="0.026" classname="pl.testng.RegexUtilTest"/>
</testsuite> <!-- pl.testng.RegexUtilTest -->
