<?xml version="1.0" encoding="UTF-8"?>
<!-- Generated by org.testng.reporters.JUnitReportReporter -->
<testsuite hostname="ubuntu" name="pl.testng.ch5.BookingSystem2Test" tests="18" failures="0" timestamp="2 May 2012 05:24:18 GMT" time="0.355" errors="0">
  <testcase name="shouldNotAllowedToAddWrongReservation" time="0.001" classname="pl.testng.ch5.BookingSystem2Test"/>
  <testcase name="shouldReturnAllExistingClassRooms" time="0.002" classname="pl.testng.ch5.BookingSystem2Test"/>
  <testcase name="shouldNotAllowedToAddWrongReservation" time="0.002" classname="pl.testng.ch5.BookingSystem2Test"/>
  <testcase name="shouldAllowToBookClassRoom" time="0.001" classname="pl.testng.ch5.BookingSystem2Test"/>
  <testcase name="shouldNotMadeAreservationDueToCleaningHours2" time="0.001" classname="pl.testng.ch5.BookingSystem2Test"/>
  <testcase name="shouldReturnAvailableClassRooms" time="0.258" classname="pl.testng.ch5.BookingSystem2Test"/>
  <testcase name="shoudlReservedClassRoomWithEquipment" time="0.002" classname="pl.testng.ch5.BookingSystem2Test"/>
  <testcase name="shouldNotAllowedToAddWrongReservation" time="0.003" classname="pl.testng.ch5.BookingSystem2Test"/>
  <testcase name="shouldThrowExceptionCasueMissingClassRooms" time="0.002" classname="pl.testng.ch5.BookingSystem2Test"/>
  <testcase name="shouldAllowToBookClassRoom" time="0.016" classname="pl.testng.ch5.BookingSystem2Test"/>
  <testcase name="newReservationShouldBeLogged" time="0.054" classname="pl.testng.ch5.BookingSystem2Test"/>
  <testcase name="shouldNotAllowToAddTwoTheSameClassRooms" time="0.002" classname="pl.testng.ch5.BookingSystem2Test"/>
  <testcase name="shouldNOTReturnAvailableClassRooms" time="0.001" classname="pl.testng.ch5.BookingSystem2Test"/>
  <testcase name="shouldNotMadeAreservationDueToCleaningHours" time="0.001" classname="pl.testng.ch5.BookingSystem2Test"/>
  <testcase name="shouldNOTReturnAvailableClassRooms" time="0.001" classname="pl.testng.ch5.BookingSystem2Test"/>
  <testcase name="shouldAllowToBookClassRoom" time="0.002" classname="pl.testng.ch5.BookingSystem2Test"/>
  <testcase name="shooulReturnsAllReservations" time="0.004" classname="pl.testng.ch5.BookingSystem2Test"/>
  <testcase name="shouldNOTReturnAvailableClassRooms" time="0.002" classname="pl.testng.ch5.BookingSystem2Test"/>
</testsuite> <!-- pl.testng.ch5.BookingSystem2Test -->
