<?xml version="1.0" encoding="UTF-8"?>
<!-- Generated by org.testng.reporters.JUnitReportReporter -->
<testsuite hostname="ubuntu" name="pl.testng.ch5.RaceResultsServiceFirstAndSecondRefactoredTest" tests="11" failures="0" timestamp="27 Apr 2012 03:56:32 GMT" time="0.411" errors="0">
  <testcase name="subscribedClientShouldReveiveMessage" time="0.356" classname="pl.testng.ch5.RaceResultsServiceFirstAndSecondRefactoredTest"/>
  <testcase name="allSubscribedClientsShouldReceiveMessages" time="0.027" classname="pl.testng.ch5.RaceResultsServiceFirstAndSecondRefactoredTest"/>
  <testcase name="shoudlRecivedMessageFromSubscribedCategory" time="0.003" classname="pl.testng.ch5.RaceResultsServiceFirstAndSecondRefactoredTest"/>
  <testcase name="oneSubscribedShouldBeAbledToSubscibeToManyCategory" time="0.002" classname="pl.testng.ch5.RaceResultsServiceFirstAndSecondRefactoredTest"/>
  <testcase name="anyUserShouldNotRecievedMessage" time="0.006" classname="pl.testng.ch5.RaceResultsServiceFirstAndSecondRefactoredTest"/>
  <testcase name="shouldRecivedOnlySubscribedCategoriesMessages" time="0.003" classname="pl.testng.ch5.RaceResultsServiceFirstAndSecondRefactoredTest"/>
  <testcase name="unsubsribedClientShouldNotReceiveMessages" time="0.003" classname="pl.testng.ch5.RaceResultsServiceFirstAndSecondRefactoredTest"/>
  <testcase name="notSubscribedClientShouldNotReceiveMessage" time="0.003" classname="pl.testng.ch5.RaceResultsServiceFirstAndSecondRefactoredTest"/>
  <testcase name="shouldSendOnlyOneMessageToMultiSubscriber" time="0.003" classname="pl.testng.ch5.RaceResultsServiceFirstAndSecondRefactoredTest"/>
  <testcase name="removedNotSubscribedClient" time="0.003" classname="pl.testng.ch5.RaceResultsServiceFirstAndSecondRefactoredTest"/>
  <testcase name="shouldFinishedWitoutAnyException" time="0.002" classname="pl.testng.ch5.RaceResultsServiceFirstAndSecondRefactoredTest"/>
</testsuite> <!-- pl.testng.ch5.RaceResultsServiceFirstAndSecondRefactoredTest -->
