<?xml version="1.0" encoding="UTF-8"?>
<!-- Generated by org.testng.reporters.JUnitReportReporter -->
<testsuite hostname="ubuntu" name="pl.testng.ClassBookingSystemTest" tests="19" failures="0" timestamp="27 Apr 2012 01:34:23 GMT" time="0.063" errors="0">
  <testcase name="wrongInitializationReservation" time="0.001" classname="pl.testng.ClassBookingSystemTest"/>
  <testcase name="doubleBooking" time="0.002" classname="pl.testng.ClassBookingSystemTest"/>
  <testcase name="shouldReturnReservations" time="0.002" classname="pl.testng.ClassBookingSystemTest"/>
  <testcase name="wrongInitializationReservation" time="0.001" classname="pl.testng.ClassBookingSystemTest"/>
  <testcase name="shouldReturnReservations" time="0.001" classname="pl.testng.ClassBookingSystemTest"/>
  <testcase name="wrongInitializationReservation" time="0.001" classname="pl.testng.ClassBookingSystemTest"/>
  <testcase name="wrongInitializationReservation" time="0.001" classname="pl.testng.ClassBookingSystemTest"/>
  <testcase name="wrongInitializationReservation" time="0.001" classname="pl.testng.ClassBookingSystemTest"/>
  <testcase name="doubleBooking" time="0.001" classname="pl.testng.ClassBookingSystemTest"/>
  <testcase name="wrongInitializationReservation" time="0.003" classname="pl.testng.ClassBookingSystemTest"/>
  <testcase name="wrongInitializationReservation" time="0.001" classname="pl.testng.ClassBookingSystemTest"/>
  <testcase name="wrongDatePattern" time="0.001" classname="pl.testng.ClassBookingSystemTest"/>
  <testcase name="wrongInitializationReservation" time="0.002" classname="pl.testng.ClassBookingSystemTest"/>
  <testcase name="testInitializationReservation" time="0.001" classname="pl.testng.ClassBookingSystemTest"/>
  <testcase name="shouldReturnReservations" time="0.016" classname="pl.testng.ClassBookingSystemTest"/>
  <testcase name="doubleBooking" time="0.001" classname="pl.testng.ClassBookingSystemTest"/>
  <testcase name="shouldReturnReservation" time="0.005" classname="pl.testng.ClassBookingSystemTest"/>
  <testcase name="doubleBooking" time="0.020" classname="pl.testng.ClassBookingSystemTest"/>
  <testcase name="wrongInitializationReservation" time="0.002" classname="pl.testng.ClassBookingSystemTest"/>
</testsuite> <!-- pl.testng.ClassBookingSystemTest -->
