<?xml version="1.0" encoding="UTF-8"?>
<!-- Generated by org.testng.reporters.JUnitReportReporter -->
<testsuite hostname="ubuntu" name="pl.testng.PasswordUtilTest" tests="17" failures="0" timestamp="26 Apr 2012 23:35:23 GMT" time="0.054" errors="0">
  <testcase name="shouldReturnFalse" time="0.004" classname="pl.testng.PasswordUtilTest"/>
  <testcase name="shouldReturnFalse" time="0.001" classname="pl.testng.PasswordUtilTest"/>
  <testcase name="shouldReturnFalse" time="0.000" classname="pl.testng.PasswordUtilTest"/>
  <testcase name="shouldReturnValid" time="0.000" classname="pl.testng.PasswordUtilTest"/>
  <testcase name="shouldReturnFalse" time="0.004" classname="pl.testng.PasswordUtilTest"/>
  <testcase name="shouldReturnValid" time="0.000" classname="pl.testng.PasswordUtilTest"/>
  <testcase name="shouldReturnValid" time="0.001" classname="pl.testng.PasswordUtilTest"/>
  <testcase name="invalidInitialization" time="0.034" classname="pl.testng.PasswordUtilTest"/>
  <testcase name="shouldReturnFalse" time="0.002" classname="pl.testng.PasswordUtilTest"/>
  <testcase name="shouldReturnValid" time="0.001" classname="pl.testng.PasswordUtilTest"/>
  <testcase name="shouldReturnValid" time="0.001" classname="pl.testng.PasswordUtilTest"/>
  <testcase name="shouldReturnFalse" time="0.001" classname="pl.testng.PasswordUtilTest"/>
  <testcase name="invalidInitialization3" time="0.001" classname="pl.testng.PasswordUtilTest"/>
  <testcase name="shouldReturnFalse" time="0.001" classname="pl.testng.PasswordUtilTest"/>
  <testcase name="invalidInitialization2" time="0.002" classname="pl.testng.PasswordUtilTest"/>
  <testcase name="shouldReturnFalse" time="0.001" classname="pl.testng.PasswordUtilTest"/>
  <testcase name="shouldReturnFalse" time="0.000" classname="pl.testng.PasswordUtilTest"/>
</testsuite> <!-- pl.testng.PasswordUtilTest -->
