<?xml version="1.0" encoding="UTF-8"?>
<!-- Generated by org.testng.reporters.JUnitReportReporter -->
<testsuite hostname="ubuntu" name="pl.testng.StringUtilTest" tests="10" failures="0" timestamp="26 Apr 2012 22:41:06 GMT" time="0.050" errors="0">
  <testcase name="shouldReverseString2" time="0.002" classname="pl.testng.StringUtilTest"/>
  <testcase name="shouldReverseString3" time="0.001" classname="pl.testng.StringUtilTest"/>
  <testcase name="shouldReverseString3" time="0.002" classname="pl.testng.StringUtilTest"/>
  <testcase name="shouldReverseString2" time="0.028" classname="pl.testng.StringUtilTest"/>
  <testcase name="shouldReverseString3" time="0.001" classname="pl.testng.StringUtilTest"/>
  <testcase name="shouldReverseString3" time="0.003" classname="pl.testng.StringUtilTest"/>
  <testcase name="shouldReverseString2" time="0.001" classname="pl.testng.StringUtilTest"/>
  <testcase name="shouldReverseString3" time="0.007" classname="pl.testng.StringUtilTest"/>
  <testcase name="shouldReverseString2" time="0.003" classname="pl.testng.StringUtilTest"/>
  <testcase name="shouldReverseString2" time="0.002" classname="pl.testng.StringUtilTest"/>
</testsuite> <!-- pl.testng.StringUtilTest -->
