<?xml version="1.0" encoding="UTF-8"?>
<!-- Generated by org.testng.reporters.JUnitReportReporter -->
<testsuite hostname="ubuntu" name="pl.testng.ch5.UserServiceTest" tests="2" failures="0" timestamp="27 Apr 2012 02:12:23 GMT" time="0.306" errors="0">
  <testcase name="shouldUpdatePassword" time="0.042" classname="pl.testng.ch5.UserServiceTest"/>
  <testcase name="shouldAssignDOC" time="0.264" classname="pl.testng.ch5.UserServiceTest"/>
</testsuite> <!-- pl.testng.ch5.UserServiceTest -->
