<?xml version="1.0" encoding="UTF-8"?>
<!-- Generated by org.testng.reporters.JUnitReportReporter -->
<testsuite hostname="ubuntu" name="pl.testng.HashMapTest" tests="4" failures="0" timestamp="26 Apr 2012 22:50:45 GMT" time="0.033" errors="0">
  <testcase name="shouldReplace" time="0.001" classname="pl.testng.HashMapTest"/>
  <testcase name="shouldAddElement" time="0.012" classname="pl.testng.HashMapTest"/>
  <testcase name="shouldClean" time="0.003" classname="pl.testng.HashMapTest"/>
  <testcase name="shouldNotAddWithNullKey" time="0.017" classname="pl.testng.HashMapTest"/>
</testsuite> <!-- pl.testng.HashMapTest -->
