<?xml version="1.0" encoding="UTF-8"?>
<!-- Generated by org.testng.reporters.JUnitReportReporter -->
<testsuite hostname="ubuntu" name="pl.testng.ch6.HelpDeskTest" tests="8" failures="0" timestamp="3 May 2012 06:15:00 GMT" time="1.946" errors="0">
  <testcase name="shoudHandleIssue" time="0.002" classname="pl.testng.ch6.HelpDeskTest"/>
  <testcase name="shoudHandleIssue" time="0.003" classname="pl.testng.ch6.HelpDeskTest"/>
  <testcase name="shoudHandleIssue" time="0.001" classname="pl.testng.ch6.HelpDeskTest"/>
  <testcase name="shoudHandleIssue" time="0.002" classname="pl.testng.ch6.HelpDeskTest"/>
  <testcase name="shoudHandleIssue" time="1.913" classname="pl.testng.ch6.HelpDeskTest"/>
  <testcase name="shoudHandleIssue" time="0.004" classname="pl.testng.ch6.HelpDeskTest"/>
  <testcase name="shoudHandleIssue" time="0.020" classname="pl.testng.ch6.HelpDeskTest"/>
  <testcase name="shoudHandleIssue" time="0.001" classname="pl.testng.ch6.HelpDeskTest"/>
</testsuite> <!-- pl.testng.ch6.HelpDeskTest -->
