<?xml version="1.0" encoding="UTF-8"?>
<!-- Generated by org.testng.reporters.JUnitReportReporter -->
<testsuite hostname="przemcio" name="pl.testng.jodatime.JodaTimeTest" tests="2" failures="0" timestamp="2 Aug 2012 18:39:34 GMT" time="0.230" errors="0">
  <testcase name="testDateTime" time="0.209" classname="pl.testng.jodatime.JodaTimeTest"/>
  <testcase name="testPeriodTime" time="0.021" classname="pl.testng.jodatime.JodaTimeTest"/>
</testsuite> <!-- pl.testng.jodatime.JodaTimeTest -->
