<?xml version="1.0" encoding="UTF-8"?>
<!-- Generated by org.testng.reporters.JUnitReportReporter -->
<testsuite hostname="przemcio" name="pl.testng.ch3.StringUtilTest" tests="10" failures="0" timestamp="2 Aug 2012 19:01:34 GMT" time="0,008" errors="0">
  <testcase name="shouldReverseString3" time="0,000" classname="pl.testng.ch3.StringUtilTest"/>
  <testcase name="shouldReverseString2" time="0,001" classname="pl.testng.ch3.StringUtilTest"/>
  <testcase name="shouldReverseString3" time="0,001" classname="pl.testng.ch3.StringUtilTest"/>
  <testcase name="shouldReverseString2" time="0,001" classname="pl.testng.ch3.StringUtilTest"/>
  <testcase name="shouldReverseString2" time="0,001" classname="pl.testng.ch3.StringUtilTest"/>
  <testcase name="shouldReverseString2" time="0,000" classname="pl.testng.ch3.StringUtilTest"/>
  <testcase name="shouldReverseString3" time="0,001" classname="pl.testng.ch3.StringUtilTest"/>
  <testcase name="shouldReverseString3" time="0,001" classname="pl.testng.ch3.StringUtilTest"/>
  <testcase name="shouldReverseString3" time="0,001" classname="pl.testng.ch3.StringUtilTest"/>
  <testcase name="shouldReverseString2" time="0,001" classname="pl.testng.ch3.StringUtilTest"/>
</testsuite>
