<?xml version="1.0" encoding="UTF-8"?>
<!-- Generated by org.testng.reporters.JUnitReportReporter -->
<testsuite hostname="przemcio" name="pl.testng.ch5.BookingSystem2Test" tests="18" failures="0" timestamp="2 Aug 2012 19:01:34 GMT" time="0,388" errors="0">
  <testcase name="shouldNotAllowToAddTwoTheSameClassRooms" time="0,002" classname="pl.testng.ch5.BookingSystem2Test"/>
  <testcase name="shouldNotMadeAreservationDueToCleaningHours" time="0,001" classname="pl.testng.ch5.BookingSystem2Test"/>
  <testcase name="shouldNotAllowedToAddWrongReservation" time="0,001" classname="pl.testng.ch5.BookingSystem2Test"/>
  <testcase name="newReservationShouldBeLogged" time="0,067" classname="pl.testng.ch5.BookingSystem2Test"/>
  <testcase name="shouldNOTReturnAvailableClassRooms" time="0,264" classname="pl.testng.ch5.BookingSystem2Test"/>
  <testcase name="shouldAllowToBookClassRoom" time="0,001" classname="pl.testng.ch5.BookingSystem2Test"/>
  <testcase name="shouldNotMadeAreservationDueToCleaningHours2" time="0,003" classname="pl.testng.ch5.BookingSystem2Test"/>
  <testcase name="shouldNotAllowedToAddWrongReservation" time="0,003" classname="pl.testng.ch5.BookingSystem2Test"/>
  <testcase name="shouldReturnAvailableClassRooms" time="0,002" classname="pl.testng.ch5.BookingSystem2Test"/>
  <testcase name="shouldNOTReturnAvailableClassRooms" time="0,003" classname="pl.testng.ch5.BookingSystem2Test"/>
  <testcase name="shoudlReservedClassRoomWithEquipment" time="0,002" classname="pl.testng.ch5.BookingSystem2Test"/>
  <testcase name="shouldThrowExceptionCasueMissingClassRooms" time="0,005" classname="pl.testng.ch5.BookingSystem2Test"/>
  <testcase name="shouldAllowToBookClassRoom" time="0,003" classname="pl.testng.ch5.BookingSystem2Test"/>
  <testcase name="shouldNotAllowedToAddWrongReservation" time="0,002" classname="pl.testng.ch5.BookingSystem2Test"/>
  <testcase name="shouldAllowToBookClassRoom" time="0,011" classname="pl.testng.ch5.BookingSystem2Test"/>
  <testcase name="shouldNOTReturnAvailableClassRooms" time="0,011" classname="pl.testng.ch5.BookingSystem2Test"/>
  <testcase name="shouldReturnAllExistingClassRooms" time="0,002" classname="pl.testng.ch5.BookingSystem2Test"/>
  <testcase name="shooulReturnsAllReservations" time="0,005" classname="pl.testng.ch5.BookingSystem2Test"/>
</testsuite>
