<?xml version="1.0" encoding="UTF-8"?>
<!-- Generated by org.testng.reporters.JUnitReportReporter -->
<testsuite hostname="przemcio" name="pl.testng.jodatime.TimeTest" tests="3" failures="0" timestamp="2 Aug 2012 19:01:34 GMT" time="0,152" errors="0">
  <testcase name="testPeriodTime" time="0,034" classname="pl.testng.jodatime.TimeTest"/>
  <testcase name="testHoliday" time="0,001" classname="pl.testng.jodatime.TimeTest"/>
  <testcase name="testDateTime" time="0,117" classname="pl.testng.jodatime.TimeTest"/>
</testsuite>
