<?xml version="1.0" encoding="UTF-8"?>
<!-- Generated by org.testng.reporters.JUnitReportReporter -->
<testsuite hostname="przemcio" name="pl.testng.ch4.ClassBookingSystemTest" tests="19" failures="0" timestamp="2 Aug 2012 19:01:34 GMT" time="0,026" errors="0">
  <testcase name="testInitializationReservation" time="0,001" classname="pl.testng.ch4.ClassBookingSystemTest"/>
  <testcase name="doubleBooking" time="0,001" classname="pl.testng.ch4.ClassBookingSystemTest"/>
  <testcase name="wrongInitializationReservation" time="0,001" classname="pl.testng.ch4.ClassBookingSystemTest"/>
  <testcase name="wrongInitializationReservation" time="0,001" classname="pl.testng.ch4.ClassBookingSystemTest"/>
  <testcase name="wrongInitializationReservation" time="0,001" classname="pl.testng.ch4.ClassBookingSystemTest"/>
  <testcase name="shouldReturnReservations" time="0,001" classname="pl.testng.ch4.ClassBookingSystemTest"/>
  <testcase name="shouldReturnReservations" time="0,001" classname="pl.testng.ch4.ClassBookingSystemTest"/>
  <testcase name="doubleBooking" time="0,002" classname="pl.testng.ch4.ClassBookingSystemTest"/>
  <testcase name="shouldReturnReservation" time="0,002" classname="pl.testng.ch4.ClassBookingSystemTest"/>
  <testcase name="wrongInitializationReservation" time="0,001" classname="pl.testng.ch4.ClassBookingSystemTest"/>
  <testcase name="wrongDatePattern" time="0,002" classname="pl.testng.ch4.ClassBookingSystemTest"/>
  <testcase name="wrongInitializationReservation" time="0,001" classname="pl.testng.ch4.ClassBookingSystemTest"/>
  <testcase name="doubleBooking" time="0,003" classname="pl.testng.ch4.ClassBookingSystemTest"/>
  <testcase name="wrongInitializationReservation" time="0,001" classname="pl.testng.ch4.ClassBookingSystemTest"/>
  <testcase name="wrongInitializationReservation" time="0,001" classname="pl.testng.ch4.ClassBookingSystemTest"/>
  <testcase name="wrongInitializationReservation" time="0,001" classname="pl.testng.ch4.ClassBookingSystemTest"/>
  <testcase name="wrongInitializationReservation" time="0,000" classname="pl.testng.ch4.ClassBookingSystemTest"/>
  <testcase name="doubleBooking" time="0,003" classname="pl.testng.ch4.ClassBookingSystemTest"/>
  <testcase name="shouldReturnReservations" time="0,002" classname="pl.testng.ch4.ClassBookingSystemTest"/>
</testsuite>
