<?xml version="1.0" encoding="UTF-8"?>
<!-- Generated by org.testng.reporters.JUnitReportReporter -->
<testsuite hostname="przemcio" name="pl.testng.ch5.UserServiceTest" tests="2" failures="0" timestamp="2 Aug 2012 19:01:34 GMT" time="0,029" errors="0">
  <testcase name="shouldAssignDOC" time="0,027" classname="pl.testng.ch5.UserServiceTest"/>
  <testcase name="shouldUpdatePassword" time="0,002" classname="pl.testng.ch5.UserServiceTest"/>
</testsuite>
