<?xml version="1.0" encoding="UTF-8"?>
<!-- Generated by org.testng.reporters.JUnitReportReporter -->
<testsuite hostname="przemcio" name="pl.testng.ch6.UserListTest" tests="3" failures="0" timestamp="2 Aug 2012 19:01:34 GMT" time="0,025" errors="0">
  <testcase name="shouldReturnZeroUsers" time="0,009" classname="pl.testng.ch6.UserListTest"/>
  <testcase name="shouldReturnOneUser" time="0,015" classname="pl.testng.ch6.UserListTest"/>
  <testcase name="shouldReturnTwoUser" time="0,001" classname="pl.testng.ch6.UserListTest"/>
</testsuite>
