<?xml version="1.0" encoding="UTF-8"?>
<!-- Generated by org.testng.reporters.JUnitReportReporter -->
<testsuite hostname="przemcio" name="pl.testng.ch4.RegexUtilTest" tests="5" failures="0" timestamp="2 Aug 2012 19:01:34 GMT" time="0,003" errors="0">
  <testcase name="shouldReturnValue" time="0,000" classname="pl.testng.ch4.RegexUtilTest"/>
  <testcase name="shouldReturnValue" time="0,000" classname="pl.testng.ch4.RegexUtilTest"/>
  <testcase name="shouldReturnValue" time="0,002" classname="pl.testng.ch4.RegexUtilTest"/>
  <testcase name="shouldReturnValue" time="0,001" classname="pl.testng.ch4.RegexUtilTest"/>
  <testcase name="shouldReturnValue" time="0,000" classname="pl.testng.ch4.RegexUtilTest"/>
</testsuite>
