<?xml version="1.0" encoding="UTF-8"?>
<!-- Generated by org.testng.reporters.JUnitReportReporter -->
<testsuite hostname="przemcio" name="pl.testng.ch6.HelpDeskTest" tests="8" failures="0" timestamp="2 Aug 2012 19:01:34 GMT" time="0,031" errors="0">
  <testcase name="shoudHandleIssue" time="0,002" classname="pl.testng.ch6.HelpDeskTest"/>
  <testcase name="shoudHandleIssue" time="0,001" classname="pl.testng.ch6.HelpDeskTest"/>
  <testcase name="shoudHandleIssue" time="0,002" classname="pl.testng.ch6.HelpDeskTest"/>
  <testcase name="shoudHandleIssue" time="0,002" classname="pl.testng.ch6.HelpDeskTest"/>
  <testcase name="shoudHandleIssue" time="0,001" classname="pl.testng.ch6.HelpDeskTest"/>
  <testcase name="shoudHandleIssue" time="0,001" classname="pl.testng.ch6.HelpDeskTest"/>
  <testcase name="shoudHandleIssue" time="0,021" classname="pl.testng.ch6.HelpDeskTest"/>
  <testcase name="shoudHandleIssue" time="0,001" classname="pl.testng.ch6.HelpDeskTest"/>
</testsuite>
