<?xml version="1.0" encoding="UTF-8"?>
<!-- Generated by org.testng.reporters.JUnitReportReporter -->
<testsuite hostname="przemcio" name="pl.testng.ch4.PasswordUtilTest" tests="17" failures="0" timestamp="2 Aug 2012 19:01:34 GMT" time="0,005" errors="0">
  <testcase name="shouldReturnFalse" time="0,000" classname="pl.testng.ch4.PasswordUtilTest"/>
  <testcase name="shouldReturnValid" time="0,001" classname="pl.testng.ch4.PasswordUtilTest"/>
  <testcase name="shouldReturnFalse" time="0,000" classname="pl.testng.ch4.PasswordUtilTest"/>
  <testcase name="shouldReturnValid" time="0,000" classname="pl.testng.ch4.PasswordUtilTest"/>
  <testcase name="shouldReturnValid" time="0,001" classname="pl.testng.ch4.PasswordUtilTest"/>
  <testcase name="invalidInitialization3" time="0,000" classname="pl.testng.ch4.PasswordUtilTest"/>
  <testcase name="invalidInitialization" time="0,001" classname="pl.testng.ch4.PasswordUtilTest"/>
  <testcase name="shouldReturnValid" time="0,000" classname="pl.testng.ch4.PasswordUtilTest"/>
  <testcase name="shouldReturnValid" time="0,000" classname="pl.testng.ch4.PasswordUtilTest"/>
  <testcase name="shouldReturnFalse" time="0,001" classname="pl.testng.ch4.PasswordUtilTest"/>
  <testcase name="shouldReturnFalse" time="0,000" classname="pl.testng.ch4.PasswordUtilTest"/>
  <testcase name="shouldReturnFalse" time="0,001" classname="pl.testng.ch4.PasswordUtilTest"/>
  <testcase name="shouldReturnFalse" time="0,000" classname="pl.testng.ch4.PasswordUtilTest"/>
  <testcase name="invalidInitialization2" time="0,000" classname="pl.testng.ch4.PasswordUtilTest"/>
  <testcase name="shouldReturnFalse" time="0,000" classname="pl.testng.ch4.PasswordUtilTest"/>
  <testcase name="shouldReturnFalse" time="0,000" classname="pl.testng.ch4.PasswordUtilTest"/>
  <testcase name="shouldReturnFalse" time="0,000" classname="pl.testng.ch4.PasswordUtilTest"/>
</testsuite>
