<?xml version="1.0" encoding="UTF-8"?>
<!-- Generated by org.testng.reporters.JUnitReportReporter -->
<testsuite hostname="przemcio" name="pl.testng.ch3.HashMapTest" tests="4" failures="0" timestamp="2 Aug 2012 19:01:34 GMT" time="0,002" errors="0">
  <testcase name="shouldReplace" time="0,001" classname="pl.testng.ch3.HashMapTest"/>
  <testcase name="shouldAddElement" time="0,000" classname="pl.testng.ch3.HashMapTest"/>
  <testcase name="shouldClean" time="0,001" classname="pl.testng.ch3.HashMapTest"/>
  <testcase name="shouldAddWithNullKey" time="0,000" classname="pl.testng.ch3.HashMapTest"/>
</testsuite>
